device used: cuda:3
There is 10830 images for training and 14 for validation
model will be saved in /share/homes/karmimy/equiv/save_model/fully_supervised_monuseg/3
Hyper parameters succesfully saved in /share/homes/karmimy/equiv/save_model/fully_supervised_monuseg/3/hparam.txt
N_CLASSES 4
EPOCH 0
TRAIN - EP: 0 iou: 0.3618172276427299 Accuracy: 0.8842428006350771 Loss CE 0.27298826886188166 Dice Coeff tensor([0.9279, 0.7344, 0.0031, 0.0000], dtype=torch.float64) F1 Score tensor(nan, dtype=torch.float64) Precision tensor([0.9143, 0.7729, 0.0052, 0.0000], dtype=torch.float64) Recall tensor([0.9418, 0.6997, 0.0022, 0.0000], dtype=torch.float64)
TEST - EP: 0 iou: 0.3493413848960982 Accuracy: 0.8755405 Loss CE 0.29757634763206753 Dice Coeff tensor([0.9215, 0.7038, 0.0000, 0.0000], dtype=torch.float64) F1 Score tensor(nan, dtype=torch.float64) Precision tensor([0.9375, 0.6606, 0.0000, 0.0000], dtype=torch.float64) Recall tensor([0.9060, 0.7531, 0.0000, 0.0000], dtype=torch.float64)
EPOCH 1
TRAIN - EP: 1 iou: 0.3856600359042367 Accuracy: 0.9069188953674049 Loss CE 0.2227582229743247 Dice Coeff tensor([0.9419, 0.7897, 0.0000, 0.0000], dtype=torch.float64) F1 Score tensor(nan, dtype=torch.float64) Precision tensor([0.9337, 0.8092, 0.0000, 0.0000], dtype=torch.float64) Recall tensor([0.9502, 0.7711, 0.0000, 0.0000], dtype=torch.float64)
TEST - EP: 1 iou: 0.35299123209752337 Accuracy: 0.8747375714285714 Loss CE 0.2910568064876965 Dice Coeff tensor([0.9197, 0.7184, 0.0000, 0.0000], dtype=torch.float64) F1 Score tensor(nan, dtype=torch.float64) Precision tensor([0.9514, 0.6429, 0.0000, 0.0000], dtype=torch.float64) Recall tensor([0.8901, 0.8140, 0.0000, 0.0000], dtype=torch.float64)
New saving, better IoU found
EPOCH 2
TRAIN - EP: 2 iou: 0.3920441122173066 Accuracy: 0.9126800867756152 Loss CE 0.20889332280917602 Dice Coeff tensor([0.9456, 0.8034, 0.0000, 0.0000], dtype=torch.float64) F1 Score tensor(nan, dtype=torch.float64) Precision tensor([0.9385, 0.8196, 0.0000, 0.0000], dtype=torch.float64) Recall tensor([0.9527, 0.7878, 0.0000, 0.0000], dtype=torch.float64)
TEST - EP: 2 iou: 0.3606233195134954 Accuracy: 0.8822224285714285 Loss CE 0.2804704138210842 Dice Coeff tensor([0.9244, 0.7366, 0.0000, 0.0000], dtype=torch.float64) F1 Score tensor(nan, dtype=torch.float64) Precision tensor([0.9577, 0.6566, 0.0000, 0.0000], dtype=torch.float64) Recall tensor([0.8934, 0.8388, 0.0000, 0.0000], dtype=torch.float64)
New saving, better IoU found
EPOCH 3
TRAIN - EP: 3 iou: 0.3963426540045508 Accuracy: 0.9164499785570246 Loss CE 0.19965743694760055 Dice Coeff tensor([0.9480, 0.8126, 0.0000, 0.0000], dtype=torch.float64) F1 Score tensor(nan, dtype=torch.float64) Precision tensor([0.9416, 0.8267, 0.0000, 0.0000], dtype=torch.float64) Recall tensor([0.9544, 0.7989, 0.0000, 0.0000], dtype=torch.float64)
TEST - EP: 3 iou: 0.3524215408926974 Accuracy: 0.8739685 Loss CE 0.3017842471599579 Dice Coeff tensor([0.9192, 0.7173, 0.0000, 0.0000], dtype=torch.float64) F1 Score tensor(nan, dtype=torch.float64) Precision tensor([0.9515, 0.6408, 0.0000, 0.0000], dtype=torch.float64) Recall tensor([0.8890, 0.8146, 0.0000, 0.0000], dtype=torch.float64)
EPOCH 4
TRAIN - EP: 4 iou: 0.40000729745095637 Accuracy: 0.919686077121714 Loss CE 0.1918475435109202 Dice Coeff tensor([0.9500, 0.8202, 0.0000, 0.0000], dtype=torch.float64) F1 Score tensor(nan, dtype=torch.float64) Precision tensor([0.9442, 0.8327, 0.0000, 0.0000], dtype=torch.float64) Recall tensor([0.9560, 0.8081, 0.0000, 0.0000], dtype=torch.float64)
TEST - EP: 4 iou: 0.34862227011844715 Accuracy: 0.866203 Loss CE 0.31422006125961033 Dice Coeff tensor([0.9130, 0.7135, 0.0000, 0.0000], dtype=torch.float64) F1 Score tensor(nan, dtype=torch.float64) Precision tensor([0.9592, 0.6155, 0.0000, 0.0000], dtype=torch.float64) Recall tensor([0.8710, 0.8486, 0.0000, 0.0000], dtype=torch.float64)
EPOCH 5
TRAIN - EP: 5 iou: 0.40300109654439653 Accuracy: 0.9224159731917184 Loss CE 0.1852630581913264 Dice Coeff tensor([0.9518, 0.8263, 0.0000, 0.0000], dtype=torch.float64) F1 Score tensor(nan, dtype=torch.float64) Precision tensor([0.9463, 0.8376, 0.0000, 0.0000], dtype=torch.float64) Recall tensor([0.9573, 0.8153, 0.0000, 0.0000], dtype=torch.float64)
TEST - EP: 5 iou: 0.34710144158507866 Accuracy: 0.8638310714285714 Loss CE 0.3252862361924989 Dice Coeff tensor([0.9112, 0.7109, 0.0000, 0.0000], dtype=torch.float64) F1 Score tensor(nan, dtype=torch.float64) Precision tensor([0.9602, 0.6094, 0.0000, 0.0000], dtype=torch.float64) Recall tensor([0.8670, 0.8530, 0.0000, 0.0000], dtype=torch.float64)
EPOCH 6
TRAIN - EP: 6 iou: 0.4057426844867772 Accuracy: 0.9246965933043169 Loss CE 0.17948968797723894 Dice Coeff tensor([0.9532, 0.8320, 0.0000, 0.0000], dtype=torch.float64) F1 Score tensor(nan, dtype=torch.float64) Precision tensor([0.9483, 0.8417, 0.0000, 0.0000], dtype=torch.float64) Recall tensor([0.9583, 0.8225, 0.0000, 0.0000], dtype=torch.float64)
TEST - EP: 6 iou: 0.32621959138094514 Accuracy: 0.8343855 Loss CE 0.38298053400857107 Dice Coeff tensor([0.8898, 0.6697, 0.0000, 0.0000], dtype=torch.float64) F1 Score tensor(nan, dtype=torch.float64) Precision tensor([0.9591, 0.5503, 0.0000, 0.0000], dtype=torch.float64) Recall tensor([0.8297, 0.8555, 0.0000, 0.0000], dtype=torch.float64)
EPOCH 7
TRAIN - EP: 7 iou: 0.40899769233150385 Accuracy: 0.9275492161908151 Loss CE 0.1725627411066032 Dice Coeff tensor([9.5509e-01, 8.3836e-01, 5.0719e-04, 0.0000e+00], dtype=torch.float64) F1 Score tensor(nan, dtype=torch.float64) Precision tensor([0.9505, 0.8469, 0.5077, 0.0000], dtype=torch.float64) Recall tensor([9.5971e-01, 8.3002e-01, 2.5372e-04, 0.0000e+00], dtype=torch.float64)
TEST - EP: 7 iou: 0.3347124182379899 Accuracy: 0.8480332142857143 Loss CE 0.36608997732400894 Dice Coeff tensor([0.9002, 0.6845, 0.0000, 0.0000], dtype=torch.float64) F1 Score tensor(nan, dtype=torch.float64) Precision tensor([0.9560, 0.5777, 0.0000, 0.0000], dtype=torch.float64) Recall tensor([0.8505, 0.8399, 0.0000, 0.0000], dtype=torch.float64)
EPOCH 8
TRAIN - EP: 8 iou: 0.41330627339591747 Accuracy: 0.9296481184929695 Loss CE 0.16746224432423742 Dice Coeff tensor([0.9564, 0.8431, 0.0158, 0.0000], dtype=torch.float64) F1 Score tensor(nan, dtype=torch.float64) Precision tensor([0.9519, 0.8515, 0.7677, 0.0000], dtype=torch.float64) Recall tensor([0.9609, 0.8350, 0.0080, 0.0000], dtype=torch.float64)
TEST - EP: 8 iou: 0.31647369563995187 Accuracy: 0.8208723571428571 Loss CE 0.4454835483006069 Dice Coeff tensor([0.8801, 0.6487, 0.0000, 0.0000], dtype=torch.float64) F1 Score tensor(nan, dtype=torch.float64) Precision tensor([0.9550, 0.5274, 0.0000, 0.0000], dtype=torch.float64) Recall tensor([0.8160, 0.8426, 0.0000, 0.0000], dtype=torch.float64)
EPOCH 9
TRAIN - EP: 9 iou: 0.4183185943245968 Accuracy: 0.9315262379896526 Loss CE 0.16287615192339583 Dice Coeff tensor([0.9576, 0.8474, 0.0381, 0.0000], dtype=torch.float64) F1 Score tensor(nan, dtype=torch.float64) Precision tensor([0.9534, 0.8548, 0.6712, 0.0000], dtype=torch.float64) Recall tensor([0.9619, 0.8400, 0.0196, 0.0000], dtype=torch.float64)
TEST - EP: 9 iou: 0.3442771911739475 Accuracy: 0.862643 Loss CE 0.35320302311863216 Dice Coeff tensor([0.9110, 0.7017, 0.0000, 0.0000], dtype=torch.float64) F1 Score tensor(nan, dtype=torch.float64) Precision tensor([0.9527, 0.6116, 0.0000, 0.0000], dtype=torch.float64) Recall tensor([0.8729, 0.8229, 0.0000, 0.0000], dtype=torch.float64)
EPOCH 10
TRAIN - EP: 10 iou: 0.4246383579818584 Accuracy: 0.9334644548465687 Loss CE 0.15813360174089472 Dice Coeff tensor([0.9589, 0.8517, 0.0692, 0.0000], dtype=torch.float64) F1 Score tensor(nan, dtype=torch.float64) Precision tensor([0.9549, 0.8586, 0.6448, 0.0000], dtype=torch.float64) Recall tensor([0.9628, 0.8450, 0.0365, 0.0000], dtype=torch.float64)
TEST - EP: 10 iou: 0.33789353751690254 Accuracy: 0.8540312142857143 Loss CE 0.36828939403806416 Dice Coeff tensor([0.9049, 0.6887, 0.0000, 0.0000], dtype=torch.float64) F1 Score tensor(nan, dtype=torch.float64) Precision tensor([0.9521, 0.5924, 0.0000, 0.0000], dtype=torch.float64) Recall tensor([0.8623, 0.8225, 0.0000, 0.0000], dtype=torch.float64)
EPOCH 11
TRAIN - EP: 11 iou: 0.43022306377389785 Accuracy: 0.9349198055532744 Loss CE 0.15467139210411557 Dice Coeff tensor([0.9598, 0.8551, 0.0976, 0.0000], dtype=torch.float64) F1 Score tensor(nan, dtype=torch.float64) Precision tensor([0.9560, 0.8615, 0.6713, 0.0000], dtype=torch.float64) Recall tensor([0.9635, 0.8489, 0.0526, 0.0000], dtype=torch.float64)
TEST - EP: 11 iou: 0.34660725187568153 Accuracy: 0.8675840714285714 Loss CE 0.33334856373923166 Dice Coeff tensor([9.1503e-01, 7.0352e-01, 8.5997e-04, 0.0000e+00], dtype=torch.float64) F1 Score tensor(nan, dtype=torch.float64) Precision tensor([0.9476, 0.6277, 0.0102, 0.0000], dtype=torch.float64) Recall tensor([8.8458e-01, 8.0014e-01, 4.4897e-04, 0.0000e+00], dtype=torch.float64)
EPOCH 12
TRAIN - EP: 12 iou: 0.43462678821856704 Accuracy: 0.9364845268402179 Loss CE 0.1511990969170488 Dice Coeff tensor([0.9608, 0.8586, 0.1165, 0.0000], dtype=torch.float64) F1 Score tensor(nan, dtype=torch.float64) Precision tensor([0.9571, 0.8649, 0.6398, 0.0000], dtype=torch.float64) Recall tensor([0.9645, 0.8524, 0.0641, 0.0000], dtype=torch.float64)
TEST - EP: 12 iou: 0.32207673817897015 Accuracy: 0.8299794285714286 Loss CE 0.4307622728603227 Dice Coeff tensor([0.8875, 0.6550, 0.0071, 0.0000], dtype=torch.float64) F1 Score tensor(nan, dtype=torch.float64) Precision tensor([0.9504, 0.5444, 0.0430, 0.0000], dtype=torch.float64) Recall tensor([0.8324, 0.8222, 0.0039, 0.0000], dtype=torch.float64)
EPOCH 13
TRAIN - EP: 13 iou: 0.44154744324588274 Accuracy: 0.9383292728550181 Loss CE 0.1465707826624292 Dice Coeff tensor([0.9620, 0.8629, 0.1494, 0.0000], dtype=torch.float64) F1 Score tensor(nan, dtype=torch.float64) Precision tensor([0.9585, 0.8687, 0.6424, 0.0000], dtype=torch.float64) Recall tensor([0.9654, 0.8571, 0.0845, 0.0000], dtype=torch.float64)
TEST - EP: 13 iou: 0.3332826370735471 Accuracy: 0.8497805714285714 Loss CE 0.3803725146821567 Dice Coeff tensor([0.9025, 0.6763, 0.0000, 0.0000], dtype=torch.float64) F1 Score tensor(nan, dtype=torch.float64) Precision tensor([0.9461, 0.5862, 0.0000, 0.0000], dtype=torch.float64) Recall tensor([0.8627, 0.7991, 0.0000, 0.0000], dtype=torch.float64)
EPOCH 14
TRAIN - EP: 14 iou: 0.4483608293044068 Accuracy: 0.939659387460878 Loss CE 0.14329504968387854 Dice Coeff tensor([0.9628, 0.8659, 0.1847, 0.0000], dtype=torch.float64) F1 Score tensor(nan, dtype=torch.float64) Precision tensor([0.9595, 0.8713, 0.6448, 0.0000], dtype=torch.float64) Recall tensor([0.9661, 0.8604, 0.1078, 0.0000], dtype=torch.float64)
TEST - EP: 14 iou: 0.33551356403299476 Accuracy: 0.8533395714285714 Loss CE 0.37806474949632374 Dice Coeff tensor([0.9053, 0.6779, 0.0046, 0.0000], dtype=torch.float64) F1 Score tensor(nan, dtype=torch.float64) Precision tensor([0.9432, 0.5960, 0.0156, 0.0000], dtype=torch.float64) Recall tensor([0.8704, 0.7857, 0.0027, 0.0000], dtype=torch.float64)
EPOCH 15
TRAIN - EP: 15 iou: 0.4519583728329208 Accuracy: 0.9410921432025768 Loss CE 0.13975850030152073 Dice Coeff tensor([0.9637, 0.8690, 0.1975, 0.0000], dtype=torch.float64) F1 Score tensor(nan, dtype=torch.float64) Precision tensor([0.9605, 0.8743, 0.6460, 0.0000], dtype=torch.float64) Recall tensor([0.9669, 0.8638, 0.1166, 0.0000], dtype=torch.float64)
TEST - EP: 15 iou: 0.34549030321508667 Accuracy: 0.8678287857142857 Loss CE 0.36603390531880514 Dice Coeff tensor([9.1559e-01, 6.9894e-01, 8.6605e-04, 0.0000e+00], dtype=torch.float64) F1 Score tensor(nan, dtype=torch.float64) Precision tensor([0.9433, 0.6323, 0.0122, 0.0000], dtype=torch.float64) Recall tensor([8.8948e-01, 7.8133e-01, 4.4897e-04, 0.0000e+00], dtype=torch.float64)
EPOCH 16
TRAIN - EP: 16 iou: 0.4577869577783677 Accuracy: 0.942193080306224 Loss CE 0.13728843116410028 Dice Coeff tensor([0.9644, 0.8715, 0.2263, 0.0000], dtype=torch.float64) F1 Score tensor(nan, dtype=torch.float64) Precision tensor([0.9613, 0.8766, 0.6570, 0.0000], dtype=torch.float64) Recall tensor([0.9675, 0.8666, 0.1367, 0.0000], dtype=torch.float64)
TEST - EP: 16 iou: 0.34424750208004656 Accuracy: 0.863671 Loss CE 0.3527158967086247 Dice Coeff tensor([0.9128, 0.6916, 0.0175, 0.0000], dtype=torch.float64) F1 Score tensor(nan, dtype=torch.float64) Precision tensor([0.9424, 0.6222, 0.1017, 0.0000], dtype=torch.float64) Recall tensor([0.8850, 0.7786, 0.0096, 0.0000], dtype=torch.float64)
EPOCH 17
TRAIN - EP: 17 iou: 0.46300855068866564 Accuracy: 0.9431304576934658 Loss CE 0.13475931512642064 Dice Coeff tensor([0.9650, 0.8737, 0.2519, 0.0000], dtype=torch.float64) F1 Score tensor(nan, dtype=torch.float64) Precision tensor([0.9619, 0.8788, 0.6612, 0.0000], dtype=torch.float64) Recall tensor([0.9680, 0.8686, 0.1556, 0.0000], dtype=torch.float64)
TEST - EP: 17 iou: 0.3309241008532408 Accuracy: 0.8451324285714286 Loss CE 0.41234512839998516 Dice Coeff tensor([0.8988, 0.6728, 0.0011, 0.0000], dtype=torch.float64) F1 Score tensor(nan, dtype=torch.float64) Precision tensor([0.9486, 0.5750, 0.0053, 0.0000], dtype=torch.float64) Recall tensor([8.5405e-01, 8.1068e-01, 5.9862e-04, 0.0000e+00], dtype=torch.float64)
EPOCH 18
TRAIN - EP: 18 iou: 0.46635373917610384 Accuracy: 0.9440901905231174 Loss CE 0.1325436041932016 Dice Coeff tensor([0.9656, 0.8757, 0.2654, 0.0000], dtype=torch.float64) F1 Score tensor(nan, dtype=torch.float64) Precision tensor([0.9627, 0.8804, 0.6605, 0.0000], dtype=torch.float64) Recall tensor([0.9685, 0.8711, 0.1661, 0.0000], dtype=torch.float64)
TEST - EP: 18 iou: 0.33617261440147506 Accuracy: 0.8555935 Loss CE 0.39472431370190214 Dice Coeff tensor([0.9074, 0.6762, 0.0068, 0.0000], dtype=torch.float64) F1 Score tensor(nan, dtype=torch.float64) Precision tensor([0.9393, 0.6042, 0.0182, 0.0000], dtype=torch.float64) Recall tensor([0.8776, 0.7678, 0.0042, 0.0000], dtype=torch.float64)
EPOCH 19
TRAIN - EP: 19 iou: 0.4718742009683571 Accuracy: 0.9454035157354941 Loss CE 0.12924565891105425 Dice Coeff tensor([0.9664, 0.8787, 0.2890, 0.0000], dtype=torch.float64) F1 Score tensor(nan, dtype=torch.float64) Precision tensor([0.9636, 0.8832, 0.6638, 0.0000], dtype=torch.float64) Recall tensor([0.9692, 0.8742, 0.1847, 0.0000], dtype=torch.float64)
TEST - EP: 19 iou: 0.34534249194505046 Accuracy: 0.8672540714285715 Loss CE 0.369514952812876 Dice Coeff tensor([0.9151, 0.6989, 0.0014, 0.0000], dtype=torch.float64) F1 Score tensor(nan, dtype=torch.float64) Precision tensor([0.9440, 0.6302, 0.0078, 0.0000], dtype=torch.float64) Recall tensor([8.8801e-01, 7.8443e-01, 7.4828e-04, 0.0000e+00], dtype=torch.float64)
EPOCH 20
TRAIN - EP: 20 iou: 0.4768205329684694 Accuracy: 0.9464630496473315 Loss CE 0.12663058525244572 Dice Coeff tensor([0.9671, 0.8812, 0.3100, 0.0000], dtype=torch.float64) F1 Score tensor(nan, dtype=torch.float64) Precision tensor([0.9645, 0.8853, 0.6701, 0.0000], dtype=torch.float64) Recall tensor([0.9697, 0.8772, 0.2016, 0.0000], dtype=torch.float64)
TEST - EP: 20 iou: 0.3435542066596269 Accuracy: 0.8648398571428572 Loss CE 0.3813548428671701 Dice Coeff tensor([0.9138, 0.6906, 0.0110, 0.0000], dtype=torch.float64) F1 Score tensor(nan, dtype=torch.float64) Precision tensor([0.9400, 0.6275, 0.0295, 0.0000], dtype=torch.float64) Recall tensor([0.8891, 0.7678, 0.0067, 0.0000], dtype=torch.float64)
EPOCH 21
TRAIN - EP: 21 iou: 0.48077663408406823 Accuracy: 0.9473025421331654 Loss CE 0.12467328196354292 Dice Coeff tensor([0.9676, 0.8829, 0.3271, 0.0000], dtype=torch.float64) F1 Score tensor(nan, dtype=torch.float64) Precision tensor([0.9650, 0.8873, 0.6717, 0.0000], dtype=torch.float64) Recall tensor([0.9703, 0.8785, 0.2162, 0.0000], dtype=torch.float64)
TEST - EP: 21 iou: 0.34009914719790985 Accuracy: 0.8596482142857143 Loss CE 0.39049794312034336 Dice Coeff tensor([0.9098, 0.6874, 0.0043, 0.0000], dtype=torch.float64) F1 Score tensor(nan, dtype=torch.float64) Precision tensor([0.9438, 0.6108, 0.0224, 0.0000], dtype=torch.float64) Recall tensor([0.8782, 0.7860, 0.0024, 0.0000], dtype=torch.float64)
EPOCH 22
TRAIN - EP: 22 iou: 0.48433042516042557 Accuracy: 0.9480521566158423 Loss CE 0.1229108268118354 Dice Coeff tensor([0.9681, 0.8846, 0.3419, 0.0000], dtype=torch.float64) F1 Score tensor(nan, dtype=torch.float64) Precision tensor([0.9655, 0.8887, 0.6764, 0.0000], dtype=torch.float64) Recall tensor([0.9706, 0.8805, 0.2288, 0.0000], dtype=torch.float64)
TEST - EP: 22 iou: 0.3532227540762229 Accuracy: 0.8761978571428571 Loss CE 0.3518231713346073 Dice Coeff tensor([0.9216, 0.7090, 0.0179, 0.0000], dtype=torch.float64) F1 Score tensor(nan, dtype=torch.float64) Precision tensor([0.9409, 0.6584, 0.1362, 0.0000], dtype=torch.float64) Recall tensor([0.9031, 0.7680, 0.0096, 0.0000], dtype=torch.float64)
EPOCH 23
TRAIN - EP: 23 iou: 0.48753844996073475 Accuracy: 0.9489882679550701 Loss CE 0.12052701248430095 Dice Coeff tensor([0.9687, 0.8867, 0.3532, 0.0000], dtype=torch.float64) F1 Score tensor(nan, dtype=torch.float64) Precision tensor([0.9662, 0.8906, 0.6797, 0.0000], dtype=torch.float64) Recall tensor([0.9711, 0.8828, 0.2386, 0.0000], dtype=torch.float64)
TEST - EP: 23 iou: 0.3415960527261866 Accuracy: 0.8588910714285715 Loss CE 0.41119528668267386 Dice Coeff tensor([0.9090, 0.6891, 0.0150, 0.0000], dtype=torch.float64) F1 Score tensor(nan, dtype=torch.float64) Precision tensor([0.9461, 0.6073, 0.0818, 0.0000], dtype=torch.float64) Recall tensor([0.8747, 0.7964, 0.0082, 0.0000], dtype=torch.float64)
EPOCH 24
TRAIN - EP: 24 iou: 0.49015096037586997 Accuracy: 0.949759142919712 Loss CE 0.11865342252303386 Dice Coeff tensor([0.9692, 0.8885, 0.3622, 0.0000], dtype=torch.float64) F1 Score tensor(nan, dtype=torch.float64) Precision tensor([0.9668, 0.8923, 0.6705, 0.0000], dtype=torch.float64) Recall tensor([0.9715, 0.8847, 0.2481, 0.0000], dtype=torch.float64)
TEST - EP: 24 iou: 0.3367782942415791 Accuracy: 0.8521559285714285 Loss CE 0.42066353665930883 Dice Coeff tensor([0.9043, 0.6783, 0.0170, 0.0000], dtype=torch.float64) F1 Score tensor(nan, dtype=torch.float64) Precision tensor([0.9450, 0.5924, 0.0320, 0.0000], dtype=torch.float64) Recall tensor([0.8670, 0.7934, 0.0115, 0.0000], dtype=torch.float64)
EPOCH 25
TRAIN - EP: 25 iou: 0.4933947964165087 Accuracy: 0.9502875982042649 Loss CE 0.1173464156968102 Dice Coeff tensor([0.9695, 0.8897, 0.3761, 0.0000], dtype=torch.float64) F1 Score tensor(nan, dtype=torch.float64) Precision tensor([0.9671, 0.8934, 0.6840, 0.0000], dtype=torch.float64) Recall tensor([0.9718, 0.8860, 0.2593, 0.0000], dtype=torch.float64)
TEST - EP: 25 iou: 0.3446437108408903 Accuracy: 0.8671174285714286 Loss CE 0.3820952666657312 Dice Coeff tensor([0.9155, 0.6930, 0.0085, 0.0000], dtype=torch.float64) F1 Score tensor(nan, dtype=torch.float64) Precision tensor([0.9392, 0.6343, 0.0513, 0.0000], dtype=torch.float64) Recall tensor([0.8929, 0.7635, 0.0046, 0.0000], dtype=torch.float64)
EPOCH 26
TRAIN - EP: 26 iou: 0.4985454993428966 Accuracy: 0.951332920441999 Loss CE 0.11492545298092116 Dice Coeff tensor([0.9701, 0.8920, 0.3964, 0.0000], dtype=torch.float64) F1 Score tensor(nan, dtype=torch.float64) Precision tensor([0.9679, 0.8955, 0.6962, 0.0000], dtype=torch.float64) Recall tensor([0.9723, 0.8885, 0.2771, 0.0000], dtype=torch.float64)
TEST - EP: 26 iou: 0.33782040238049316 Accuracy: 0.8543597857142857 Loss CE 0.44305868233953205 Dice Coeff tensor([0.9059, 0.6812, 0.0133, 0.0000], dtype=torch.float64) F1 Score tensor(nan, dtype=torch.float64) Precision tensor([0.9449, 0.5974, 0.0304, 0.0000], dtype=torch.float64) Recall tensor([0.8700, 0.7923, 0.0085, 0.0000], dtype=torch.float64)
EPOCH 27
TRAIN - EP: 27 iou: 0.5005226503114921 Accuracy: 0.9519581998850292 Loss CE 0.11339160649233937 Dice Coeff tensor([0.9705, 0.8934, 0.4026, 0.0000], dtype=torch.float64) F1 Score tensor(nan, dtype=torch.float64) Precision tensor([0.9683, 0.8969, 0.6929, 0.0000], dtype=torch.float64) Recall tensor([0.9727, 0.8899, 0.2838, 0.0000], dtype=torch.float64)
TEST - EP: 27 iou: 0.3436735731916734 Accuracy: 0.8649452142857142 Loss CE 0.3972724622913769 Dice Coeff tensor([0.9135, 0.6951, 0.0024, 0.0000], dtype=torch.float64) F1 Score tensor(nan, dtype=torch.float64) Precision tensor([0.9437, 0.6244, 0.0097, 0.0000], dtype=torch.float64) Recall tensor([0.8853, 0.7838, 0.0013, 0.0000], dtype=torch.float64)
EPOCH 28
TRAIN - EP: 28 iou: 0.5006217578126774 Accuracy: 0.9523564347175458 Loss CE 0.11244809936459471 Dice Coeff tensor([0.9708, 0.8942, 0.4008, 0.0000], dtype=torch.float64) F1 Score tensor(nan, dtype=torch.float64) Precision tensor([0.9687, 0.8974, 0.6877, 0.0000], dtype=torch.float64) Recall tensor([0.9729, 0.8910, 0.2828, 0.0000], dtype=torch.float64)
TEST - EP: 28 iou: 0.3384766356885377 Accuracy: 0.856666 Loss CE 0.4203948186976569 Dice Coeff tensor([0.9081, 0.6783, 0.0179, 0.0000], dtype=torch.float64) F1 Score tensor(nan, dtype=torch.float64) Precision tensor([0.9397, 0.6067, 0.0266, 0.0000], dtype=torch.float64) Recall tensor([0.8786, 0.7689, 0.0135, 0.0000], dtype=torch.float64)
EPOCH 29
TRAIN - EP: 29 iou: 0.505624730998381 Accuracy: 0.9528996947797761 Loss CE 0.11104576082739095 Dice Coeff tensor([0.9711, 0.8955, 0.4227, 0.0000], dtype=torch.float64) F1 Score tensor(nan, dtype=torch.float64) Precision tensor([0.9689, 0.8991, 0.6960, 0.0000], dtype=torch.float64) Recall tensor([0.9733, 0.8919, 0.3035, 0.0000], dtype=torch.float64)
TEST - EP: 29 iou: 0.33765373775376445 Accuracy: 0.8551812142857143 Loss CE 0.45425334785665783 Dice Coeff tensor([0.9070, 0.6771, 0.0179, 0.0000], dtype=torch.float64) F1 Score tensor(nan, dtype=torch.float64) Precision tensor([0.9405, 0.6024, 0.0317, 0.0000], dtype=torch.float64) Recall tensor([0.8758, 0.7729, 0.0124, 0.0000], dtype=torch.float64)
EPOCH 30
TRAIN - EP: 30 iou: 0.5068563762440106 Accuracy: 0.9535697307309774 Loss CE 0.10938108175943405 Dice Coeff tensor([0.9715, 0.8970, 0.4247, 0.0000], dtype=torch.float64) F1 Score tensor(nan, dtype=torch.float64) Precision tensor([0.9694, 0.9003, 0.6967, 0.0000], dtype=torch.float64) Recall tensor([0.9736, 0.8937, 0.3055, 0.0000], dtype=torch.float64)
TEST - EP: 30 iou: 0.3426744345589706 Accuracy: 0.8642742142857143 Loss CE 0.4256459229758808 Dice Coeff tensor([0.9132, 0.6925, 0.0017, 0.0000], dtype=torch.float64) F1 Score tensor(nan, dtype=torch.float64) Precision tensor([0.9423, 0.6238, 0.0180, 0.0000], dtype=torch.float64) Recall tensor([0.8858, 0.7782, 0.0009, 0.0000], dtype=torch.float64)
EPOCH 31
TRAIN - EP: 31 iou: 0.5076507578740854 Accuracy: 0.9535949718503919 Loss CE 0.10942369180745931 Dice Coeff tensor([0.9715, 0.8971, 0.4284, 0.0000], dtype=torch.float64) F1 Score tensor(nan, dtype=torch.float64) Precision tensor([0.9694, 0.9005, 0.6959, 0.0000], dtype=torch.float64) Recall tensor([0.9736, 0.8937, 0.3095, 0.0000], dtype=torch.float64)
TEST - EP: 31 iou: 0.3406606686150496 Accuracy: 0.8581377142857143 Loss CE 0.4470554143190384 Dice Coeff tensor([0.9088, 0.6840, 0.0198, 0.0000], dtype=torch.float64) F1 Score tensor(nan, dtype=torch.float64) Precision tensor([0.9428, 0.6079, 0.0567, 0.0000], dtype=torch.float64) Recall tensor([0.8773, 0.7819, 0.0120, 0.0000], dtype=torch.float64)
EPOCH 32
TRAIN - EP: 32 iou: 0.5090569311937032 Accuracy: 0.953805934229376 Loss CE 0.10902623572033683 Dice Coeff tensor([0.9717, 0.8974, 0.4343, 0.0000], dtype=torch.float64) F1 Score tensor(nan, dtype=torch.float64) Precision tensor([0.9696, 0.9009, 0.6999, 0.0000], dtype=torch.float64) Recall tensor([0.9738, 0.8940, 0.3148, 0.0000], dtype=torch.float64)
TEST - EP: 32 iou: 0.3285414245845473 Accuracy: 0.842231 Loss CE 0.5079898472343173 Dice Coeff tensor([0.8977, 0.6584, 0.0179, 0.0000], dtype=torch.float64) F1 Score tensor(nan, dtype=torch.float64) Precision tensor([0.9397, 0.5727, 0.0568, 0.0000], dtype=torch.float64) Recall tensor([0.8594, 0.7741, 0.0106, 0.0000], dtype=torch.float64)
EPOCH 33
TRAIN - EP: 33 iou: 0.5123532078925923 Accuracy: 0.9547119683738925 Loss CE 0.10661127716881076 Dice Coeff tensor([0.9722, 0.8994, 0.4450, 0.0000], dtype=torch.float64) F1 Score tensor(nan, dtype=torch.float64) Precision tensor([0.9703, 0.9026, 0.7012, 0.0000], dtype=torch.float64) Recall tensor([0.9742, 0.8963, 0.3259, 0.0000], dtype=torch.float64)
TEST - EP: 33 iou: 0.34327597767692164 Accuracy: 0.8619666428571429 Loss CE 0.43292668887547087 Dice Coeff tensor([0.9115, 0.6896, 0.0188, 0.0000], dtype=torch.float64) F1 Score tensor(nan, dtype=torch.float64) Precision tensor([0.9427, 0.6175, 0.1492, 0.0000], dtype=torch.float64) Recall tensor([0.8823, 0.7807, 0.0100, 0.0000], dtype=torch.float64)
EPOCH 34
TRAIN - EP: 34 iou: 0.5156901353411165 Accuracy: 0.9556780542552901 Loss CE 0.10430949040071134 Dice Coeff tensor([0.9728, 0.9017, 0.4552, 0.0000], dtype=torch.float64) F1 Score tensor(nan, dtype=torch.float64) Precision tensor([0.9709, 0.9047, 0.7091, 0.0000], dtype=torch.float64) Recall tensor([0.9748, 0.8987, 0.3352, 0.0000], dtype=torch.float64)
TEST - EP: 34 iou: 0.34120582384094744 Accuracy: 0.8616029285714286 Loss CE 0.43460223930222647 Dice Coeff tensor([0.9118, 0.6825, 0.0177, 0.0000], dtype=torch.float64) F1 Score tensor(nan, dtype=torch.float64) Precision tensor([0.9374, 0.6210, 0.0611, 0.0000], dtype=torch.float64) Recall tensor([0.8876, 0.7574, 0.0103, 0.0000], dtype=torch.float64)
EPOCH 35
TRAIN - EP: 35 iou: 0.5171738485290874 Accuracy: 0.9558775651729581 Loss CE 0.10383441168277993 Dice Coeff tensor([0.9730, 0.9021, 0.4612, 0.0000], dtype=torch.float64) F1 Score tensor(nan, dtype=torch.float64) Precision tensor([0.9711, 0.9051, 0.7052, 0.0000], dtype=torch.float64) Recall tensor([0.9749, 0.8991, 0.3427, 0.0000], dtype=torch.float64)
TEST - EP: 35 iou: 0.3533591425802763 Accuracy: 0.8774101428571428 Loss CE 0.4030789222036089 Dice Coeff tensor([0.9227, 0.7080, 0.0179, 0.0000], dtype=torch.float64) F1 Score tensor(nan, dtype=torch.float64) Precision tensor([0.9385, 0.6652, 0.0823, 0.0000], dtype=torch.float64) Recall tensor([0.9075, 0.7566, 0.0100, 0.0000], dtype=torch.float64)
EPOCH 36
TRAIN - EP: 36 iou: 0.5173352875581048 Accuracy: 0.9556569534550564 Loss CE 0.10435174006613554 Dice Coeff tensor([0.9728, 0.9017, 0.4631, 0.0000], dtype=torch.float64) F1 Score tensor(nan, dtype=torch.float64) Precision tensor([0.9709, 0.9047, 0.7072, 0.0000], dtype=torch.float64) Recall tensor([0.9747, 0.8987, 0.3443, 0.0000], dtype=torch.float64)
TEST - EP: 36 iou: 0.33855620829928135 Accuracy: 0.8556432142857143 Loss CE 0.45758079630987986 Dice Coeff tensor([0.9075, 0.6750, 0.0278, 0.0000], dtype=torch.float64) F1 Score tensor(nan, dtype=torch.float64) Precision tensor([0.9383, 0.6050, 0.0720, 0.0000], dtype=torch.float64) Recall tensor([0.8787, 0.7634, 0.0172, 0.0000], dtype=torch.float64)
EPOCH 37
TRAIN - EP: 37 iou: 0.5186002775444889 Accuracy: 0.9557516219101585 Loss CE 0.10408350755512186 Dice Coeff tensor([0.9729, 0.9018, 0.4686, 0.0000], dtype=torch.float64) F1 Score tensor(nan, dtype=torch.float64) Precision tensor([0.9709, 0.9050, 0.7079, 0.0000], dtype=torch.float64) Recall tensor([0.9748, 0.8987, 0.3502, 0.0000], dtype=torch.float64)
TEST - EP: 37 iou: 0.34534187917275466 Accuracy: 0.8638810714285714 Loss CE 0.45462878687041147 Dice Coeff tensor([0.9131, 0.6912, 0.0260, 0.0000], dtype=torch.float64) F1 Score tensor(nan, dtype=torch.float64) Precision tensor([0.9419, 0.6234, 0.0376, 0.0000], dtype=torch.float64) Recall tensor([0.8859, 0.7757, 0.0199, 0.0000], dtype=torch.float64)
EPOCH 38
TRAIN - EP: 38 iou: 0.5202893639238849 Accuracy: 0.956698625824642 Loss CE 0.10188884627561347 Dice Coeff tensor([0.9735, 0.9040, 0.4710, 0.0000], dtype=torch.float64) F1 Score tensor(nan, dtype=torch.float64) Precision tensor([0.9717, 0.9068, 0.7080, 0.0000], dtype=torch.float64) Recall tensor([0.9753, 0.9012, 0.3529, 0.0000], dtype=torch.float64)
TEST - EP: 38 iou: 0.3493328865479511 Accuracy: 0.8734617142857143 Loss CE 0.4229746013879776 Dice Coeff tensor([0.9197, 0.7055, 0.0020, 0.0000], dtype=torch.float64) F1 Score tensor(nan, dtype=torch.float64) Precision tensor([0.9415, 0.6497, 0.0311, 0.0000], dtype=torch.float64) Recall tensor([0.8988, 0.7719, 0.0010, 0.0000], dtype=torch.float64)
EPOCH 39
TRAIN - EP: 39 iou: 0.5226184234782185 Accuracy: 0.9570030134223901 Loss CE 0.10128109531266462 Dice Coeff tensor([0.9737, 0.9046, 0.4802, 0.0000], dtype=torch.float64) F1 Score tensor(nan, dtype=torch.float64) Precision tensor([0.9719, 0.9074, 0.7134, 0.0000], dtype=torch.float64) Recall tensor([0.9754, 0.9018, 0.3619, 0.0000], dtype=torch.float64)
TEST - EP: 39 iou: 0.35354134426005346 Accuracy: 0.8785807142857143 Loss CE 0.4160949204649244 Dice Coeff tensor([9.2309e-01, 7.1536e-01, 2.8986e-04, 0.0000e+00], dtype=torch.float64) F1 Score tensor(nan, dtype=torch.float64) Precision tensor([0.9431, 0.6628, 0.0046, 0.0000], dtype=torch.float64) Recall tensor([9.0393e-01, 7.7696e-01, 1.4966e-04, 0.0000e+00], dtype=torch.float64)
EPOCH 40
TRAIN - EP: 40 iou: 0.5224128695212467 Accuracy: 0.9563940899510005 Loss CE 0.10282183983290935 Dice Coeff tensor([0.9733, 0.9033, 0.4826, 0.0000], dtype=torch.float64) F1 Score tensor(nan, dtype=torch.float64) Precision tensor([0.9714, 0.9064, 0.7142, 0.0000], dtype=torch.float64) Recall tensor([0.9751, 0.9003, 0.3644, 0.0000], dtype=torch.float64)
TEST - EP: 40 iou: 0.3483451011198337 Accuracy: 0.8721824285714286 Loss CE 0.4098857172897884 Dice Coeff tensor([0.9190, 0.7008, 0.0077, 0.0000], dtype=torch.float64) F1 Score tensor(nan, dtype=torch.float64) Precision tensor([0.9393, 0.6486, 0.0492, 0.0000], dtype=torch.float64) Recall tensor([0.8996, 0.7621, 0.0042, 0.0000], dtype=torch.float64)
EPOCH 41
TRAIN - EP: 41 iou: 0.5178938259408364 Accuracy: 0.9557038314490889 Loss CE 0.10459829062768598 Dice Coeff tensor([0.9728, 0.9016, 0.4657, 0.0000], dtype=torch.float64) F1 Score tensor(nan, dtype=torch.float64) Precision tensor([0.9708, 0.9051, 0.7031, 0.0000], dtype=torch.float64) Recall tensor([0.9749, 0.8983, 0.3482, 0.0000], dtype=torch.float64)
TEST - EP: 41 iou: 0.33925843834653363 Accuracy: 0.8630515714285715 Loss CE 0.4122256636619568 Dice Coeff tensor([0.9136, 0.6743, 0.0150, 0.0000], dtype=torch.float64) F1 Score tensor(nan, dtype=torch.float64) Precision tensor([0.9296, 0.6327, 0.0543, 0.0000], dtype=torch.float64) Recall tensor([0.8981, 0.7217, 0.0087, 0.0000], dtype=torch.float64)
EPOCH 42
TRAIN - EP: 42 iou: 0.5162008355429628 Accuracy: 0.954933595211373 Loss CE 0.10635810790215919 Dice Coeff tensor([0.9723, 0.8999, 0.4623, 0.0000], dtype=torch.float64) F1 Score tensor(nan, dtype=torch.float64) Precision tensor([0.9703, 0.9033, 0.7041, 0.0000], dtype=torch.float64) Recall tensor([0.9744, 0.8965, 0.3441, 0.0000], dtype=torch.float64)
TEST - EP: 42 iou: 0.337534670676392 Accuracy: 0.8599954285714285 Loss CE 0.4573650594268526 Dice Coeff tensor([0.9108, 0.6781, 0.0018, 0.0000], dtype=torch.float64) F1 Score tensor(nan, dtype=torch.float64) Precision tensor([0.9358, 0.6182, 0.0071, 0.0000], dtype=torch.float64) Recall tensor([0.8872, 0.7508, 0.0010, 0.0000], dtype=torch.float64)
EPOCH 43
TRAIN - EP: 43 iou: 0.5217552781705812 Accuracy: 0.9569139338278905 Loss CE 0.10139985810428395 Dice Coeff tensor([0.9736, 0.9044, 0.4768, 0.0000], dtype=torch.float64) F1 Score tensor(nan, dtype=torch.float64) Precision tensor([0.9717, 0.9074, 0.7114, 0.0000], dtype=torch.float64) Recall tensor([0.9755, 0.9014, 0.3586, 0.0000], dtype=torch.float64)
TEST - EP: 43 iou: 0.33391722558857423 Accuracy: 0.8520589285714286 Loss CE 0.48266533655779703 Dice Coeff tensor([0.9049, 0.6703, 0.0105, 0.0000], dtype=torch.float64) F1 Score tensor(nan, dtype=torch.float64) Precision tensor([0.9384, 0.5960, 0.0436, 0.0000], dtype=torch.float64) Recall tensor([0.8737, 0.7656, 0.0060, 0.0000], dtype=torch.float64)
EPOCH 44
TRAIN - EP: 44 iou: 0.5298786693068008 Accuracy: 0.9585944357760076 Loss CE 0.0972274069544217 Dice Coeff tensor([0.9746, 0.9082, 0.5044, 0.0000], dtype=torch.float64) F1 Score tensor(nan, dtype=torch.float64) Precision tensor([0.9730, 0.9108, 0.7224, 0.0000], dtype=torch.float64) Recall tensor([0.9763, 0.9056, 0.3874, 0.0000], dtype=torch.float64)
TEST - EP: 44 iou: 0.33991470671715057 Accuracy: 0.8638996428571428 Loss CE 0.4726518818310329 Dice Coeff tensor([0.9137, 0.6817, 0.0029, 0.0000], dtype=torch.float64) F1 Score tensor(nan, dtype=torch.float64) Precision tensor([0.9341, 0.6304, 0.0385, 0.0000], dtype=torch.float64) Recall tensor([0.8942, 0.7421, 0.0015, 0.0000], dtype=torch.float64)
EPOCH 45
TRAIN - EP: 45 iou: 0.5298515487728713 Accuracy: 0.9589759838675828 Loss CE 0.09645891505522765 Dice Coeff tensor([0.9749, 0.9092, 0.5018, 0.0000], dtype=torch.float64) F1 Score tensor(nan, dtype=torch.float64) Precision tensor([0.9732, 0.9117, 0.7159, 0.0000], dtype=torch.float64) Recall tensor([0.9766, 0.9066, 0.3863, 0.0000], dtype=torch.float64)
TEST - EP: 45 iou: 0.3372673424826387 Accuracy: 0.8597142857142858 Loss CE 0.48799642068999155 Dice Coeff tensor([0.9109, 0.6734, 0.0101, 0.0000], dtype=torch.float64) F1 Score tensor(nan, dtype=torch.float64) Precision tensor([0.9324, 0.6204, 0.0560, 0.0000], dtype=torch.float64) Recall tensor([0.8904, 0.7362, 0.0055, 0.0000], dtype=torch.float64)
EPOCH 46
TRAIN - EP: 46 iou: 0.5273984982891935 Accuracy: 0.9582625258912522 Loss CE 0.09812253282432282 Dice Coeff tensor([0.9744, 0.9075, 0.4948, 0.0000], dtype=torch.float64) F1 Score tensor(nan, dtype=torch.float64) Precision tensor([0.9727, 0.9102, 0.7145, 0.0000], dtype=torch.float64) Recall tensor([0.9762, 0.9048, 0.3785, 0.0000], dtype=torch.float64)
TEST - EP: 46 iou: 0.32899756658006984 Accuracy: 0.8449973571428572 Loss CE 0.5279512660843986 Dice Coeff tensor([0.9001, 0.6571, 0.0165, 0.0000], dtype=torch.float64) F1 Score tensor(nan, dtype=torch.float64) Precision tensor([0.9357, 0.5809, 0.1015, 0.0000], dtype=torch.float64) Recall tensor([0.8672, 0.7562, 0.0090, 0.0000], dtype=torch.float64)
EPOCH 47
TRAIN - EP: 47 iou: 0.5283962115923896 Accuracy: 0.9579164271440694 Loss CE 0.09895742103920015 Dice Coeff tensor([0.9742, 0.9067, 0.5014, 0.0000], dtype=torch.float64) F1 Score tensor(nan, dtype=torch.float64) Precision tensor([0.9724, 0.9096, 0.7167, 0.0000], dtype=torch.float64) Recall tensor([0.9760, 0.9038, 0.3856, 0.0000], dtype=torch.float64)
TEST - EP: 47 iou: 0.33841536664330707 Accuracy: 0.8607199285714285 Loss CE 0.4744697298322405 Dice Coeff tensor([0.9114, 0.6779, 0.0073, 0.0000], dtype=torch.float64) F1 Score tensor(nan, dtype=torch.float64) Precision tensor([0.9348, 0.6209, 0.0571, 0.0000], dtype=torch.float64) Recall tensor([0.8892, 0.7464, 0.0039, 0.0000], dtype=torch.float64)
EPOCH 48
TRAIN - EP: 48 iou: 0.5314565807768364 Accuracy: 0.9591433189163542 Loss CE 0.09595251213057078 Dice Coeff tensor([0.9750, 0.9094, 0.5084, 0.0000], dtype=torch.float64) F1 Score tensor(nan, dtype=torch.float64) Precision tensor([0.9733, 0.9120, 0.7192, 0.0000], dtype=torch.float64) Recall tensor([0.9766, 0.9068, 0.3931, 0.0000], dtype=torch.float64)
TEST - EP: 48 iou: 0.34248839651507623 Accuracy: 0.8669535 Loss CE 0.45409152124609264 Dice Coeff tensor([0.9157, 0.6883, 0.0014, 0.0000], dtype=torch.float64) F1 Score tensor(nan, dtype=torch.float64) Precision tensor([0.9357, 0.6374, 0.0166, 0.0000], dtype=torch.float64) Recall tensor([8.9652e-01, 7.4807e-01, 7.4828e-04, 0.0000e+00], dtype=torch.float64)
EPOCH 49
TRAIN - EP: 49 iou: 0.5330696991296949 Accuracy: 0.9596302797623936 Loss CE 0.09484803777378044 Dice Coeff tensor([0.9753, 0.9105, 0.5128, 0.0000], dtype=torch.float64) F1 Score tensor(nan, dtype=torch.float64) Precision tensor([0.9737, 0.9130, 0.7261, 0.0000], dtype=torch.float64) Recall tensor([0.9769, 0.9080, 0.3964, 0.0000], dtype=torch.float64)
TEST - EP: 49 iou: 0.34142848946329696 Accuracy: 0.8645072857142857 Loss CE 0.46675663547856466 Dice Coeff tensor([0.9141, 0.6836, 0.0094, 0.0000], dtype=torch.float64) F1 Score tensor(nan, dtype=torch.float64) Precision tensor([0.9348, 0.6314, 0.0465, 0.0000], dtype=torch.float64) Recall tensor([0.8942, 0.7451, 0.0052, 0.0000], dtype=torch.float64)
EPOCH 50
TRAIN - EP: 50 iou: 0.536500430118493 Accuracy: 0.9602701472721797 Loss CE 0.09328496425996995 Dice Coeff tensor([0.9757, 0.9119, 0.5244, 0.0000], dtype=torch.float64) F1 Score tensor(nan, dtype=torch.float64) Precision tensor([0.9741, 0.9144, 0.7248, 0.0000], dtype=torch.float64) Recall tensor([0.9773, 0.9094, 0.4108, 0.0000], dtype=torch.float64)
TEST - EP: 50 iou: 0.348966293788134 Accuracy: 0.8755970714285715 Loss CE 0.43899500582899365 Dice Coeff tensor([0.9217, 0.7014, 0.0020, 0.0000], dtype=torch.float64) F1 Score tensor(nan, dtype=torch.float64) Precision tensor([0.9355, 0.6635, 0.0188, 0.0000], dtype=torch.float64) Recall tensor([0.9083, 0.7439, 0.0010, 0.0000], dtype=torch.float64)
EPOCH 51
TRAIN - EP: 51 iou: 0.5378669572131454 Accuracy: 0.960767008385572 Loss CE 0.09202391890490927 Dice Coeff tensor([0.9760, 0.9130, 0.5277, 0.0000], dtype=torch.float64) F1 Score tensor(nan, dtype=torch.float64) Precision tensor([0.9745, 0.9153, 0.7286, 0.0000], dtype=torch.float64) Recall tensor([0.9775, 0.9107, 0.4137, 0.0000], dtype=torch.float64)
TEST - EP: 51 iou: 0.3435711889609231 Accuracy: 0.8692517857142857 Loss CE 0.48690234550407957 Dice Coeff tensor([0.9176, 0.6875, 0.0055, 0.0000], dtype=torch.float64) F1 Score tensor(nan, dtype=torch.float64) Precision tensor([0.9324, 0.6479, 0.0351, 0.0000], dtype=torch.float64) Recall tensor([0.9032, 0.7322, 0.0030, 0.0000], dtype=torch.float64)
EPOCH 52
TRAIN - EP: 52 iou: 0.5376956791045365 Accuracy: 0.9609770354858431 Loss CE 0.09156586677909823 Dice Coeff tensor([0.9761, 0.9135, 0.5258, 0.0000], dtype=torch.float64) F1 Score tensor(nan, dtype=torch.float64) Precision tensor([0.9746, 0.9158, 0.7262, 0.0000], dtype=torch.float64) Recall tensor([0.9777, 0.9112, 0.4120, 0.0000], dtype=torch.float64)
TEST - EP: 52 iou: 0.34119639500297977 Accuracy: 0.8612549285714286 Loss CE 0.5020137982709068 Dice Coeff tensor([0.9112, 0.6860, 0.0116, 0.0000], dtype=torch.float64) F1 Score tensor(nan, dtype=torch.float64) Precision tensor([0.9406, 0.6174, 0.0714, 0.0000], dtype=torch.float64) Recall tensor([0.8836, 0.7717, 0.0063, 0.0000], dtype=torch.float64)
EPOCH 53
TRAIN - EP: 53 iou: 0.5217150408097578 Accuracy: 0.9554656547407225 Loss CE 0.10558950268310348 Dice Coeff tensor([0.9727, 0.9011, 0.4849, 0.0000], dtype=torch.float64) F1 Score tensor(nan, dtype=torch.float64) Precision tensor([0.9706, 0.9048, 0.7113, 0.0000], dtype=torch.float64) Recall tensor([0.9747, 0.8975, 0.3678, 0.0000], dtype=torch.float64)
TEST - EP: 53 iou: 0.3395149822173587 Accuracy: 0.8634039285714286 Loss CE 0.4317597353032657 Dice Coeff tensor([0.9134, 0.6801, 0.0042, 0.0000], dtype=torch.float64) F1 Score tensor(nan, dtype=torch.float64) Precision tensor([0.9335, 0.6297, 0.0156, 0.0000], dtype=torch.float64) Recall tensor([0.8942, 0.7394, 0.0024, 0.0000], dtype=torch.float64)
EPOCH 54
TRAIN - EP: 54 iou: 0.5184033111938714 Accuracy: 0.9548776723878349 Loss CE 0.1066923824463147 Dice Coeff tensor([0.9723, 0.8999, 0.4728, 0.0000], dtype=torch.float64) F1 Score tensor(nan, dtype=torch.float64) Precision tensor([0.9702, 0.9036, 0.7022, 0.0000], dtype=torch.float64) Recall tensor([0.9744, 0.8962, 0.3564, 0.0000], dtype=torch.float64)
TEST - EP: 54 iou: 0.34848126741063407 Accuracy: 0.8743407857142858 Loss CE 0.4362315184303692 Dice Coeff tensor([0.9208, 0.7000, 0.0045, 0.0000], dtype=torch.float64) F1 Score tensor(nan, dtype=torch.float64) Precision tensor([0.9360, 0.6590, 0.0356, 0.0000], dtype=torch.float64) Recall tensor([0.9061, 0.7465, 0.0024, 0.0000], dtype=torch.float64)
EPOCH 55
TRAIN - EP: 55 iou: 0.5250840647655446 Accuracy: 0.9567516515653371 Loss CE 0.10197696977288787 Dice Coeff tensor([0.9735, 0.9041, 0.4929, 0.0000], dtype=torch.float64) F1 Score tensor(nan, dtype=torch.float64) Precision tensor([0.9715, 0.9074, 0.7186, 0.0000], dtype=torch.float64) Recall tensor([0.9754, 0.9008, 0.3751, 0.0000], dtype=torch.float64)
TEST - EP: 55 iou: 0.33245325541059745 Accuracy: 0.8557718571428572 Loss CE 0.4850195624998638 Dice Coeff tensor([9.0840e-01, 6.6445e-01, 2.7056e-04, 0.0000e+00], dtype=torch.float64) F1 Score tensor(nan, dtype=torch.float64) Precision tensor([0.9300, 0.6118, 0.0014, 0.0000], dtype=torch.float64) Recall tensor([8.8775e-01, 7.2697e-01, 1.4966e-04, 0.0000e+00], dtype=torch.float64)
EPOCH 56
TRAIN - EP: 56 iou: 0.5237316504388608 Accuracy: 0.9564617151642897 Loss CE 0.10272820986922987 Dice Coeff tensor([0.9733, 0.9034, 0.4884, 0.0000], dtype=torch.float64) F1 Score tensor(nan, dtype=torch.float64) Precision tensor([0.9714, 0.9066, 0.7097, 0.0000], dtype=torch.float64) Recall tensor([0.9752, 0.9002, 0.3723, 0.0000], dtype=torch.float64)
TEST - EP: 56 iou: 0.3384380452856819 Accuracy: 0.8609337857142857 Loss CE 0.47767037791865213 Dice Coeff tensor([0.9114, 0.6801, 0.0026, 0.0000], dtype=torch.float64) F1 Score tensor(nan, dtype=torch.float64) Precision tensor([0.9362, 0.6203, 0.0269, 0.0000], dtype=torch.float64) Recall tensor([0.8879, 0.7526, 0.0013, 0.0000], dtype=torch.float64)
EPOCH 57
TRAIN - EP: 57 iou: 0.5335528331615583 Accuracy: 0.959467757977243 Loss CE 0.09512134928859259 Dice Coeff tensor([0.9752, 0.9102, 0.5158, 0.0000], dtype=torch.float64) F1 Score tensor(nan, dtype=torch.float64) Precision tensor([0.9736, 0.9127, 0.7243, 0.0000], dtype=torch.float64) Recall tensor([0.9768, 0.9076, 0.4005, 0.0000], dtype=torch.float64)
TEST - EP: 57 iou: 0.3466351715301898 Accuracy: 0.8710601428571428 Loss CE 0.4629829100200108 Dice Coeff tensor([0.9185, 0.6954, 0.0084, 0.0000], dtype=torch.float64) F1 Score tensor(nan, dtype=torch.float64) Precision tensor([0.9363, 0.6487, 0.0351, 0.0000], dtype=torch.float64) Recall tensor([0.9013, 0.7494, 0.0048, 0.0000], dtype=torch.float64)
EPOCH 58
TRAIN - EP: 58 iou: 0.5357419999605674 Accuracy: 0.9599912745339575 Loss CE 0.09383602745153687 Dice Coeff tensor([0.9755, 0.9113, 0.5225, 0.0000], dtype=torch.float64) F1 Score tensor(nan, dtype=torch.float64) Precision tensor([0.9739, 0.9138, 0.7239, 0.0000], dtype=torch.float64) Recall tensor([0.9771, 0.9089, 0.4088, 0.0000], dtype=torch.float64)
TEST - EP: 58 iou: 0.33792600705099696 Accuracy: 0.8611911428571428 Loss CE 0.49876582835401806 Dice Coeff tensor([0.9118, 0.6775, 0.0029, 0.0000], dtype=torch.float64) F1 Score tensor(nan, dtype=torch.float64) Precision tensor([0.9339, 0.6231, 0.0128, 0.0000], dtype=torch.float64) Recall tensor([0.8907, 0.7423, 0.0016, 0.0000], dtype=torch.float64)
EPOCH 59
TRAIN - EP: 59 iou: 0.5239522851234805 Accuracy: 0.9570707640998969 Loss CE 0.101555715077567 Dice Coeff tensor([0.9737, 0.9047, 0.4860, 0.0000], dtype=torch.float64) F1 Score tensor(nan, dtype=torch.float64) Precision tensor([0.9719, 0.9077, 0.7079, 0.0000], dtype=torch.float64) Recall tensor([0.9755, 0.9018, 0.3701, 0.0000], dtype=torch.float64)
TEST - EP: 59 iou: 0.3436714538881129 Accuracy: 0.8698976428571429 Loss CE 0.4342601937907083 Dice Coeff tensor([0.9180, 0.6885, 0.0024, 0.0000], dtype=torch.float64) F1 Score tensor(nan, dtype=torch.float64) Precision tensor([0.9324, 0.6498, 0.0132, 0.0000], dtype=torch.float64) Recall tensor([0.9041, 0.7321, 0.0013, 0.0000], dtype=torch.float64)
EPOCH 60
TRAIN - EP: 60 iou: 0.5211847339496936 Accuracy: 0.9556437340888561 Loss CE 0.10488055238372207 Dice Coeff tensor([0.9728, 0.9015, 0.4814, 0.0000], dtype=torch.float64) F1 Score tensor(nan, dtype=torch.float64) Precision tensor([0.9708, 0.9049, 0.7075, 0.0000], dtype=torch.float64) Recall tensor([0.9747, 0.8982, 0.3648, 0.0000], dtype=torch.float64)
TEST - EP: 60 iou: 0.347143833496044 Accuracy: 0.8752191428571429 Loss CE 0.417628858770643 Dice Coeff tensor([0.9220, 0.6925, 0.0073, 0.0000], dtype=torch.float64) F1 Score tensor(nan, dtype=torch.float64) Precision tensor([0.9293, 0.6711, 0.0562, 0.0000], dtype=torch.float64) Recall tensor([0.9148, 0.7154, 0.0039, 0.0000], dtype=torch.float64)
EPOCH 61
TRAIN - EP: 61 iou: 0.5187850308768023 Accuracy: 0.954878003157136 Loss CE 0.10658907397193813 Dice Coeff tensor([0.9723, 0.8999, 0.4746, 0.0000], dtype=torch.float64) F1 Score tensor(nan, dtype=torch.float64) Precision tensor([0.9703, 0.9033, 0.7061, 0.0000], dtype=torch.float64) Recall tensor([0.9743, 0.8964, 0.3574, 0.0000], dtype=torch.float64)
TEST - EP: 61 iou: 0.34611751561741855 Accuracy: 0.8713839285714285 Loss CE 0.4333826707942145 Dice Coeff tensor([0.9187, 0.6955, 0.0032, 0.0000], dtype=torch.float64) F1 Score tensor(nan, dtype=torch.float64) Precision tensor([0.9360, 0.6500, 0.0166, 0.0000], dtype=torch.float64) Recall tensor([0.9021, 0.7479, 0.0018, 0.0000], dtype=torch.float64)
EPOCH 62
TRAIN - EP: 62 iou: 0.5352442206880802 Accuracy: 0.9597045773908918 Loss CE 0.09462525898760016 Dice Coeff tensor([0.9753, 0.9105, 0.5222, 0.0000], dtype=torch.float64) F1 Score tensor(nan, dtype=torch.float64) Precision tensor([0.9737, 0.9131, 0.7321, 0.0000], dtype=torch.float64) Recall tensor([0.9770, 0.9080, 0.4058, 0.0000], dtype=torch.float64)
TEST - EP: 62 iou: 0.34786556211124087 Accuracy: 0.8765604285714286 Loss CE 0.43671018310955595 Dice Coeff tensor([0.9228, 0.6959, 0.0023, 0.0000], dtype=torch.float64) F1 Score tensor(nan, dtype=torch.float64) Precision tensor([0.9302, 0.6742, 0.0325, 0.0000], dtype=torch.float64) Recall tensor([0.9156, 0.7191, 0.0012, 0.0000], dtype=torch.float64)
EPOCH 63
TRAIN - EP: 63 iou: 0.5422021926081143 Accuracy: 0.9616784146797697 Loss CE 0.08987265317690478 Dice Coeff tensor([0.9766, 0.9150, 0.5414, 0.0000], dtype=torch.float64) F1 Score tensor(nan, dtype=torch.float64) Precision tensor([0.9751, 0.9172, 0.7357, 0.0000], dtype=torch.float64) Recall tensor([0.9780, 0.9129, 0.4283, 0.0000], dtype=torch.float64)
TEST - EP: 63 iou: 0.34149344104543156 Accuracy: 0.866191 Loss CE 0.4807547926902771 Dice Coeff tensor([0.9154, 0.6832, 0.0063, 0.0000], dtype=torch.float64) F1 Score tensor(nan, dtype=torch.float64) Precision tensor([0.9326, 0.6385, 0.0636, 0.0000], dtype=torch.float64) Recall tensor([0.8989, 0.7345, 0.0033, 0.0000], dtype=torch.float64)
EPOCH 64
TRAIN - EP: 64 iou: 0.5455138503331332 Accuracy: 0.962545760221912 Loss CE 0.08780573881716527 Dice Coeff tensor([0.9771, 0.9170, 0.5508, 0.0000], dtype=torch.float64) F1 Score tensor(nan, dtype=torch.float64) Precision tensor([0.9757, 0.9191, 0.7386, 0.0000], dtype=torch.float64) Recall tensor([0.9785, 0.9150, 0.4391, 0.0000], dtype=torch.float64)
TEST - EP: 64 iou: 0.3457946598362337 Accuracy: 0.8733368571428571 Loss CE 0.46225374937057495 Dice Coeff tensor([0.9205, 0.6919, 0.0029, 0.0000], dtype=torch.float64) F1 Score tensor(nan, dtype=torch.float64) Precision tensor([0.9310, 0.6624, 0.0800, 0.0000], dtype=torch.float64) Recall tensor([0.9103, 0.7242, 0.0015, 0.0000], dtype=torch.float64)
EPOCH 65
TRAIN - EP: 65 iou: 0.5475786661952536 Accuracy: 0.9630588974660791 Loss CE 0.08641398997931946 Dice Coeff tensor([0.9774, 0.9182, 0.5567, 0.0000], dtype=torch.float64) F1 Score tensor(nan, dtype=torch.float64) Precision tensor([0.9761, 0.9201, 0.7387, 0.0000], dtype=torch.float64) Recall tensor([0.9788, 0.9162, 0.4467, 0.0000], dtype=torch.float64)
TEST - EP: 65 iou: 0.3421800710121945 Accuracy: 0.8673890714285715 Loss CE 0.5025230326822826 Dice Coeff tensor([0.9161, 0.6873, 0.0000, 0.0000], dtype=torch.float64) F1 Score tensor(nan, dtype=torch.float64) Precision tensor([0.9343, 0.6401, 0.0000, 0.0000], dtype=torch.float64) Recall tensor([0.8985, 0.7420, 0.0000, 0.0000], dtype=torch.float64)
EPOCH 66
TRAIN - EP: 66 iou: 0.5507952727117936 Accuracy: 0.9637970604874398 Loss CE 0.08459641257024261 Dice Coeff tensor([0.9779, 0.9198, 0.5663, 0.0000], dtype=torch.float64) F1 Score tensor(nan, dtype=torch.float64) Precision tensor([0.9766, 0.9216, 0.7423, 0.0000], dtype=torch.float64) Recall tensor([0.9792, 0.9179, 0.4578, 0.0000], dtype=torch.float64)
TEST - EP: 66 iou: 0.3475864915916267 Accuracy: 0.8745310714285714 Loss CE 0.46190793812274933 Dice Coeff tensor([0.9211, 0.6980, 0.0012, 0.0000], dtype=torch.float64) F1 Score tensor(nan, dtype=torch.float64) Precision tensor([0.9341, 0.6619, 0.0278, 0.0000], dtype=torch.float64) Recall tensor([9.0836e-01, 7.3823e-01, 5.9862e-04, 0.0000e+00], dtype=torch.float64)
EPOCH 67
TRAIN - EP: 67 iou: 0.5505756013813586 Accuracy: 0.9639803865210369 Loss CE 0.08425000970336524 Dice Coeff tensor([0.9780, 0.9201, 0.5645, 0.0000], dtype=torch.float64) F1 Score tensor(nan, dtype=torch.float64) Precision tensor([0.9767, 0.9219, 0.7453, 0.0000], dtype=torch.float64) Recall tensor([0.9793, 0.9184, 0.4543, 0.0000], dtype=torch.float64)
TEST - EP: 67 iou: 0.3448959198853147 Accuracy: 0.8714503571428571 Loss CE 0.49185081890651156 Dice Coeff tensor([0.9190, 0.6918, 0.0012, 0.0000], dtype=torch.float64) F1 Score tensor(nan, dtype=torch.float64) Precision tensor([0.9330, 0.6538, 0.0385, 0.0000], dtype=torch.float64) Recall tensor([9.0543e-01, 7.3452e-01, 5.9862e-04, 0.0000e+00], dtype=torch.float64)
EPOCH 68
TRAIN - EP: 68 iou: 0.5503457156740197 Accuracy: 0.9640085133174564 Loss CE 0.08420666468282233 Dice Coeff tensor([0.9780, 0.9203, 0.5632, 0.0000], dtype=torch.float64) F1 Score tensor(nan, dtype=torch.float64) Precision tensor([0.9767, 0.9221, 0.7406, 0.0000], dtype=torch.float64) Recall tensor([0.9793, 0.9185, 0.4544, 0.0000], dtype=torch.float64)
TEST - EP: 68 iou: 0.34959199586698764 Accuracy: 0.8775343571428571 Loss CE 0.45477374110903057 Dice Coeff tensor([0.9233, 0.7003, 0.0041, 0.0000], dtype=torch.float64) F1 Score tensor(nan, dtype=torch.float64) Precision tensor([0.9322, 0.6743, 0.1321, 0.0000], dtype=torch.float64) Recall tensor([0.9145, 0.7284, 0.0021, 0.0000], dtype=torch.float64)
EPOCH 69
TRAIN - EP: 69 iou: 0.5517064661499211 Accuracy: 0.9641952611024427 Loss CE 0.08366404170224116 Dice Coeff tensor([0.9781, 0.9207, 0.5680, 0.0000], dtype=torch.float64) F1 Score tensor(nan, dtype=torch.float64) Precision tensor([0.9768, 0.9226, 0.7445, 0.0000], dtype=torch.float64) Recall tensor([0.9795, 0.9188, 0.4591, 0.0000], dtype=torch.float64)
TEST - EP: 69 iou: 0.33720185267733616 Accuracy: 0.8613209285714286 Loss CE 0.5373899936676025 Dice Coeff tensor([0.9122, 0.6739, 0.0042, 0.0000], dtype=torch.float64) F1 Score tensor(nan, dtype=torch.float64) Precision tensor([0.9311, 0.6261, 0.0395, 0.0000], dtype=torch.float64) Recall tensor([0.8941, 0.7294, 0.0022, 0.0000], dtype=torch.float64)
EPOCH 70
TRAIN - EP: 70 iou: 0.5514221743309735 Accuracy: 0.9643951256010876 Loss CE 0.08330074751423362 Dice Coeff tensor([0.9783, 0.9211, 0.5658, 0.0000], dtype=torch.float64) F1 Score tensor(nan, dtype=torch.float64) Precision tensor([0.9770, 0.9229, 0.7420, 0.0000], dtype=torch.float64) Recall tensor([0.9796, 0.9192, 0.4573, 0.0000], dtype=torch.float64)
TEST - EP: 70 iou: 0.33251299014065766 Accuracy: 0.8537452857142858 Loss CE 0.5548269024917057 Dice Coeff tensor([0.9067, 0.6650, 0.0052, 0.0000], dtype=torch.float64) F1 Score tensor(nan, dtype=torch.float64) Precision tensor([0.9326, 0.6044, 0.0277, 0.0000], dtype=torch.float64) Recall tensor([0.8823, 0.7391, 0.0028, 0.0000], dtype=torch.float64)
EPOCH 71
TRAIN - EP: 71 iou: 0.5438968507674744 Accuracy: 0.9618816096831002 Loss CE 0.08948397844567267 Dice Coeff tensor([0.9767, 0.9155, 0.5476, 0.0000], dtype=torch.float64) F1 Score tensor(nan, dtype=torch.float64) Precision tensor([0.9752, 0.9178, 0.7346, 0.0000], dtype=torch.float64) Recall tensor([0.9782, 0.9132, 0.4364, 0.0000], dtype=torch.float64)
TEST - EP: 71 iou: 0.33153721385104706 Accuracy: 0.8521247857142857 Loss CE 0.5415905905621392 Dice Coeff tensor([0.9056, 0.6620, 0.0077, 0.0000], dtype=torch.float64) F1 Score tensor(nan, dtype=torch.float64) Precision tensor([0.9320, 0.6007, 0.0336, 0.0000], dtype=torch.float64) Recall tensor([0.8807, 0.7373, 0.0043, 0.0000], dtype=torch.float64)
EPOCH 72
TRAIN - EP: 72 iou: 0.49713527716726913 Accuracy: 0.9478519499420583 Loss CE 0.12474388027039177 Dice Coeff tensor([0.9678, 0.8842, 0.4107, 0.0000], dtype=torch.float64) F1 Score tensor(nan, dtype=torch.float64) Precision tensor([0.9650, 0.8899, 0.6791, 0.0000], dtype=torch.float64) Recall tensor([0.9707, 0.8786, 0.2943, 0.0000], dtype=torch.float64)
TEST - EP: 72 iou: 0.3379422611299413 Accuracy: 0.8621586428571428 Loss CE 0.4386712312698364 Dice Coeff tensor([0.9126, 0.6777, 0.0000, 0.0000], dtype=torch.float64) F1 Score tensor(nan, dtype=torch.float64) Precision tensor([0.9330, 0.6265, 0.0000, 0.0000], dtype=torch.float64) Recall tensor([0.8930, 0.7381, 0.0000, 0.0000], dtype=torch.float64)
EPOCH 73
TRAIN - EP: 73 iou: 0.5238819808037187 Accuracy: 0.956586780177566 Loss CE 0.10230524558780463 Dice Coeff tensor([0.9734, 0.9036, 0.4886, 0.0000], dtype=torch.float64) F1 Score tensor(nan, dtype=torch.float64) Precision tensor([0.9714, 0.9069, 0.7203, 0.0000], dtype=torch.float64) Recall tensor([0.9753, 0.9003, 0.3697, 0.0000], dtype=torch.float64)
TEST - EP: 73 iou: 0.3289053579671357 Accuracy: 0.8484585714285714 Loss CE 0.4866200323615755 Dice Coeff tensor([0.9031, 0.6565, 0.0074, 0.0000], dtype=torch.float64) F1 Score tensor(nan, dtype=torch.float64) Precision tensor([0.9317, 0.5919, 0.0124, 0.0000], dtype=torch.float64) Recall tensor([0.8762, 0.7369, 0.0052, 0.0000], dtype=torch.float64)
EPOCH 74
TRAIN - EP: 74 iou: 0.5258142027446114 Accuracy: 0.9560098957050177 Loss CE 0.10383784728013226 Dice Coeff tensor([0.9730, 0.9023, 0.5007, 0.0000], dtype=torch.float64) F1 Score tensor(nan, dtype=torch.float64) Precision tensor([0.9710, 0.9058, 0.7222, 0.0000], dtype=torch.float64) Recall tensor([0.9750, 0.8988, 0.3832, 0.0000], dtype=torch.float64)
TEST - EP: 74 iou: 0.3381370017288241 Accuracy: 0.8633855 Loss CE 0.45571628851549967 Dice Coeff tensor([0.9138, 0.6750, 0.0038, 0.0000], dtype=torch.float64) F1 Score tensor(nan, dtype=torch.float64) Precision tensor([0.9297, 0.6337, 0.0121, 0.0000], dtype=torch.float64) Recall tensor([0.8984, 0.7220, 0.0022, 0.0000], dtype=torch.float64)
EPOCH 75
TRAIN - EP: 75 iou: 0.5338149902222449 Accuracy: 0.959208195322694 Loss CE 0.09591787978345961 Dice Coeff tensor([0.9750, 0.9096, 0.5183, 0.0000], dtype=torch.float64) F1 Score tensor(nan, dtype=torch.float64) Precision tensor([0.9733, 0.9124, 0.7287, 0.0000], dtype=torch.float64) Recall tensor([0.9767, 0.9068, 0.4022, 0.0000], dtype=torch.float64)
TEST - EP: 75 iou: 0.3418950939018562 Accuracy: 0.8669309285714286 Loss CE 0.4864573989595686 Dice Coeff tensor([9.1580e-01, 6.8647e-01, 5.8514e-04, 0.0000e+00], dtype=torch.float64) F1 Score tensor(nan, dtype=torch.float64) Precision tensor([0.9343, 0.6388, 0.0130, 0.0000], dtype=torch.float64) Recall tensor([8.9801e-01, 7.4185e-01, 2.9931e-04, 0.0000e+00], dtype=torch.float64)
EPOCH 76
TRAIN - EP: 76 iou: 0.5385013887028065 Accuracy: 0.9603891671913352 Loss CE 0.09321524200758623 Dice Coeff tensor([0.9758, 0.9122, 0.5324, 0.0000], dtype=torch.float64) F1 Score tensor(nan, dtype=torch.float64) Precision tensor([0.9742, 0.9146, 0.7333, 0.0000], dtype=torch.float64) Recall tensor([0.9773, 0.9098, 0.4180, 0.0000], dtype=torch.float64)
TEST - EP: 76 iou: 0.3484689433034498 Accuracy: 0.8762855714285714 Loss CE 0.4504444258553641 Dice Coeff tensor([0.9224, 0.6986, 0.0022, 0.0000], dtype=torch.float64) F1 Score tensor(nan, dtype=torch.float64) Precision tensor([0.9324, 0.6699, 0.0138, 0.0000], dtype=torch.float64) Recall tensor([0.9126, 0.7297, 0.0012, 0.0000], dtype=torch.float64)
EPOCH 77
TRAIN - EP: 77 iou: 0.544482809592668 Accuracy: 0.961964929329428 Loss CE 0.08920281002929893 Dice Coeff tensor([0.9767, 0.9156, 0.5497, 0.0000], dtype=torch.float64) F1 Score tensor(nan, dtype=torch.float64) Precision tensor([0.9753, 0.9178, 0.7402, 0.0000], dtype=torch.float64) Recall tensor([0.9782, 0.9135, 0.4371, 0.0000], dtype=torch.float64)
TEST - EP: 77 iou: 0.340400599499533 Accuracy: 0.8653783571428572 Loss CE 0.4946222667183195 Dice Coeff tensor([0.9148, 0.6824, 0.0014, 0.0000], dtype=torch.float64) F1 Score tensor(nan, dtype=torch.float64) Precision tensor([0.9329, 0.6359, 0.0103, 0.0000], dtype=torch.float64) Recall tensor([8.9747e-01, 7.3615e-01, 7.4828e-04, 0.0000e+00], dtype=torch.float64)
EPOCH 78
TRAIN - EP: 78 iou: 0.5499978257442156 Accuracy: 0.9639067276194647 Loss CE 0.08439483859900493 Dice Coeff tensor([0.9780, 0.9200, 0.5625, 0.0000], dtype=torch.float64) F1 Score tensor(nan, dtype=torch.float64) Precision tensor([0.9766, 0.9219, 0.7444, 0.0000], dtype=torch.float64) Recall tensor([0.9793, 0.9181, 0.4520, 0.0000], dtype=torch.float64)
TEST - EP: 78 iou: 0.325345183127609 Accuracy: 0.8431405 Loss CE 0.5727932495730264 Dice Coeff tensor([0.8990, 0.6525, 0.0014, 0.0000], dtype=torch.float64) F1 Score tensor(nan, dtype=torch.float64) Precision tensor([0.9341, 0.5775, 0.0097, 0.0000], dtype=torch.float64) Recall tensor([8.6643e-01, 7.4986e-01, 7.4828e-04, 0.0000e+00], dtype=torch.float64)
EPOCH 79
TRAIN - EP: 79 iou: 0.5528402695993059 Accuracy: 0.9642840783626692 Loss CE 0.08348960870930598 Dice Coeff tensor([0.9782, 0.9208, 0.5723, 0.0000], dtype=torch.float64) F1 Score tensor(nan, dtype=torch.float64) Precision tensor([0.9769, 0.9227, 0.7497, 0.0000], dtype=torch.float64) Recall tensor([0.9795, 0.9189, 0.4627, 0.0000], dtype=torch.float64)
TEST - EP: 79 iou: 0.34014429493950005 Accuracy: 0.8679243571428571 Loss CE 0.5303218769175666 Dice Coeff tensor([9.1713e-01, 6.7842e-01, 5.8097e-04, 0.0000e+00], dtype=torch.float64) F1 Score tensor(nan, dtype=torch.float64) Precision tensor([0.9273, 0.6502, 0.0099, 0.0000], dtype=torch.float64) Recall tensor([9.0722e-01, 7.0923e-01, 2.9931e-04, 0.0000e+00], dtype=torch.float64)
EPOCH 80
TRAIN - EP: 80 iou: 0.5544710929186182 Accuracy: 0.9651749199310174 Loss CE 0.08128832972829464 Dice Coeff tensor([0.9788, 0.9229, 0.5742, 0.0000], dtype=torch.float64) F1 Score tensor(nan, dtype=torch.float64) Precision tensor([0.9775, 0.9245, 0.7486, 0.0000], dtype=torch.float64) Recall tensor([0.9800, 0.9212, 0.4657, 0.0000], dtype=torch.float64)
TEST - EP: 80 iou: 0.3403933664228381 Accuracy: 0.8658659285714285 Loss CE 0.5270590420280185 Dice Coeff tensor([9.1523e-01, 6.8223e-01, 2.9133e-04, 0.0000e+00], dtype=torch.float64) F1 Score tensor(nan, dtype=torch.float64) Precision tensor([0.9323, 0.6380, 0.0055, 0.0000], dtype=torch.float64) Recall tensor([8.9882e-01, 7.3311e-01, 1.4966e-04, 0.0000e+00], dtype=torch.float64)
EPOCH 81
TRAIN - EP: 81 iou: 0.554794145746393 Accuracy: 0.9650086684368527 Loss CE 0.08163247361960935 Dice Coeff tensor([0.9786, 0.9225, 0.5764, 0.0000], dtype=torch.float64) F1 Score tensor(nan, dtype=torch.float64) Precision tensor([0.9774, 0.9242, 0.7466, 0.0000], dtype=torch.float64) Recall tensor([0.9799, 0.9208, 0.4694, 0.0000], dtype=torch.float64)
TEST - EP: 81 iou: 0.3445544790866943 Accuracy: 0.8722467857142857 Loss CE 0.5161909737757274 Dice Coeff tensor([0.9199, 0.6886, 0.0029, 0.0000], dtype=torch.float64) F1 Score tensor(nan, dtype=torch.float64) Precision tensor([0.9298, 0.6606, 0.0132, 0.0000], dtype=torch.float64) Recall tensor([0.9102, 0.7190, 0.0016, 0.0000], dtype=torch.float64)
EPOCH 82
TRAIN - EP: 82 iou: 0.5560487126077494 Accuracy: 0.9653880836367287 Loss CE 0.08076190942704281 Dice Coeff tensor([0.9789, 0.9234, 0.5795, 0.0000], dtype=torch.float64) F1 Score tensor(nan, dtype=torch.float64) Precision tensor([0.9777, 0.9250, 0.7505, 0.0000], dtype=torch.float64) Recall tensor([0.9801, 0.9217, 0.4719, 0.0000], dtype=torch.float64)
TEST - EP: 82 iou: 0.34155088407249534 Accuracy: 0.8662092142857143 Loss CE 0.5407735960824149 Dice Coeff tensor([9.1524e-01, 6.8597e-01, 8.7387e-04, 0.0000e+00], dtype=torch.float64) F1 Score tensor(nan, dtype=torch.float64) Precision tensor([0.9347, 0.6363, 0.0163, 0.0000], dtype=torch.float64) Recall tensor([8.9657e-01, 7.4405e-01, 4.4897e-04, 0.0000e+00], dtype=torch.float64)
EPOCH 83
TRAIN - EP: 83 iou: 0.5575202647087529 Accuracy: 0.9659685495423977 Loss CE 0.07928797698470283 Dice Coeff tensor([0.9793, 0.9246, 0.5825, 0.0000], dtype=torch.float64) F1 Score tensor(nan, dtype=torch.float64) Precision tensor([0.9781, 0.9262, 0.7511, 0.0000], dtype=torch.float64) Recall tensor([0.9804, 0.9230, 0.4757, 0.0000], dtype=torch.float64)
TEST - EP: 83 iou: 0.33437569030078496 Accuracy: 0.8571467857142857 Loss CE 0.5707672557660511 Dice Coeff tensor([0.9091, 0.6697, 0.0014, 0.0000], dtype=torch.float64) F1 Score tensor(nan, dtype=torch.float64) Precision tensor([0.9324, 0.6135, 0.0086, 0.0000], dtype=torch.float64) Recall tensor([8.8693e-01, 7.3735e-01, 7.4828e-04, 0.0000e+00], dtype=torch.float64)
EPOCH 84
TRAIN - EP: 84 iou: 0.5575420483932465 Accuracy: 0.9658418991176444 Loss CE 0.07968354302803322 Dice Coeff tensor([0.9792, 0.9244, 0.5832, 0.0000], dtype=torch.float64) F1 Score tensor(nan, dtype=torch.float64) Precision tensor([0.9780, 0.9259, 0.7499, 0.0000], dtype=torch.float64) Recall tensor([0.9803, 0.9228, 0.4771, 0.0000], dtype=torch.float64)
TEST - EP: 84 iou: 0.33917386779734 Accuracy: 0.8642643571428571 Loss CE 0.5460091233253479 Dice Coeff tensor([0.9142, 0.6792, 0.0012, 0.0000], dtype=torch.float64) F1 Score tensor(nan, dtype=torch.float64) Precision tensor([0.9317, 0.6339, 0.0325, 0.0000], dtype=torch.float64) Recall tensor([8.9722e-01, 7.3151e-01, 5.9862e-04, 0.0000e+00], dtype=torch.float64)
EPOCH 85
TRAIN - EP: 85 iou: 0.5584896137952852 Accuracy: 0.9661980007847216 Loss CE 0.07884057814837692 Dice Coeff tensor([0.9794, 0.9251, 0.5852, 0.0000], dtype=torch.float64) F1 Score tensor(nan, dtype=torch.float64) Precision tensor([0.9782, 0.9266, 0.7552, 0.0000], dtype=torch.float64) Recall tensor([0.9806, 0.9236, 0.4777, 0.0000], dtype=torch.float64)
TEST - EP: 85 iou: 0.34689499593433065 Accuracy: 0.8744575 Loss CE 0.5122009302888598 Dice Coeff tensor([9.2115e-01, 6.9576e-01, 5.8754e-04, 0.0000e+00], dtype=torch.float64) F1 Score tensor(nan, dtype=torch.float64) Precision tensor([0.9325, 0.6639, 0.0159, 0.0000], dtype=torch.float64) Recall tensor([9.1007e-01, 7.3083e-01, 2.9931e-04, 0.0000e+00], dtype=torch.float64)
EPOCH 86
TRAIN - EP: 86 iou: 0.5467297524568928 Accuracy: 0.9619887219074211 Loss CE 0.08989693063358774 Dice Coeff tensor([0.9767, 0.9157, 0.5590, 0.0000], dtype=torch.float64) F1 Score tensor(nan, dtype=torch.float64) Precision tensor([0.9752, 0.9183, 0.7468, 0.0000], dtype=torch.float64) Recall tensor([0.9783, 0.9132, 0.4466, 0.0000], dtype=torch.float64)
TEST - EP: 86 iou: 0.33958373151369775 Accuracy: 0.8693643571428571 Loss CE 0.41029016780001776 Dice Coeff tensor([0.9185, 0.6747, 0.0000, 0.0000], dtype=torch.float64) F1 Score tensor(nan, dtype=torch.float64) Precision tensor([0.9232, 0.6604, 0.0000, 0.0000], dtype=torch.float64) Recall tensor([0.9138, 0.6895, 0.0000, 0.0000], dtype=torch.float64)
EPOCH 87
TRAIN - EP: 87 iou: 0.4922845980565286 Accuracy: 0.9468142353982463 Loss CE 0.12733147901270184 Dice Coeff tensor([0.9672, 0.8817, 0.3925, 0.0000], dtype=torch.float64) F1 Score tensor(nan, dtype=torch.float64) Precision tensor([0.9641, 0.8880, 0.6749, 0.0000], dtype=torch.float64) Recall tensor([0.9703, 0.8756, 0.2767, 0.0000], dtype=torch.float64)
TEST - EP: 87 iou: 0.33708983675162335 Accuracy: 0.8608948571428572 Loss CE 0.39284967311791014 Dice Coeff tensor([0.9120, 0.6727, 0.0069, 0.0000], dtype=torch.float64) F1 Score tensor(nan, dtype=torch.float64) Precision tensor([0.9307, 0.6254, 0.0289, 0.0000], dtype=torch.float64) Recall tensor([0.8940, 0.7277, 0.0039, 0.0000], dtype=torch.float64)
EPOCH 88
TRAIN - EP: 88 iou: 0.5184386626976961 Accuracy: 0.954453808637413 Loss CE 0.10775545703664323 Dice Coeff tensor([0.9720, 0.8989, 0.4755, 0.0000], dtype=torch.float64) F1 Score tensor(nan, dtype=torch.float64) Precision tensor([0.9699, 0.9027, 0.7205, 0.0000], dtype=torch.float64) Recall tensor([0.9742, 0.8950, 0.3549, 0.0000], dtype=torch.float64)
TEST - EP: 88 iou: 0.3445847206123618 Accuracy: 0.8698707142857143 Loss CE 0.43970016709395815 Dice Coeff tensor([0.9177, 0.6925, 0.0014, 0.0000], dtype=torch.float64) F1 Score tensor(nan, dtype=torch.float64) Precision tensor([0.9355, 0.6461, 0.0216, 0.0000], dtype=torch.float64) Recall tensor([9.0062e-01, 7.4616e-01, 7.4828e-04, 0.0000e+00], dtype=torch.float64)
EPOCH 89
TRAIN - EP: 89 iou: 0.5338064406381999 Accuracy: 0.9593403205496701 Loss CE 0.09571535388903978 Dice Coeff tensor([0.9751, 0.9098, 0.5178, 0.0000], dtype=torch.float64) F1 Score tensor(nan, dtype=torch.float64) Precision tensor([0.9734, 0.9126, 0.7302, 0.0000], dtype=torch.float64) Recall tensor([0.9768, 0.9070, 0.4011, 0.0000], dtype=torch.float64)
TEST - EP: 89 iou: 0.3479494163075498 Accuracy: 0.8751746428571429 Loss CE 0.4283760445458548 Dice Coeff tensor([0.9216, 0.6979, 0.0026, 0.0000], dtype=torch.float64) F1 Score tensor(nan, dtype=torch.float64) Precision tensor([0.9332, 0.6652, 0.0349, 0.0000], dtype=torch.float64) Recall tensor([0.9102, 0.7339, 0.0013, 0.0000], dtype=torch.float64)
EPOCH 90
TRAIN - EP: 90 iou: 0.5346422364477559 Accuracy: 0.9589995483288166 Loss CE 0.09638262664416015 Dice Coeff tensor([0.9749, 0.9091, 0.5232, 0.0000], dtype=torch.float64) F1 Score tensor(nan, dtype=torch.float64) Precision tensor([0.9731, 0.9122, 0.7349, 0.0000], dtype=torch.float64) Recall tensor([0.9766, 0.9061, 0.4062, 0.0000], dtype=torch.float64)
TEST - EP: 90 iou: 0.3313870223436711 Accuracy: 0.8545916428571428 Loss CE 0.5253589025565556 Dice Coeff tensor([0.9077, 0.6607, 0.0024, 0.0000], dtype=torch.float64) F1 Score tensor(nan, dtype=torch.float64) Precision tensor([0.9285, 0.6100, 0.0108, 0.0000], dtype=torch.float64) Recall tensor([0.8878, 0.7207, 0.0013, 0.0000], dtype=torch.float64)
EPOCH 91
TRAIN - EP: 91 iou: 0.5448398497749323 Accuracy: 0.9619401900668838 Loss CE 0.08926119161005691 Dice Coeff tensor([0.9767, 0.9157, 0.5512, 0.0000], dtype=torch.float64) F1 Score tensor(nan, dtype=torch.float64) Precision tensor([0.9752, 0.9181, 0.7423, 0.0000], dtype=torch.float64) Recall tensor([0.9782, 0.9133, 0.4383, 0.0000], dtype=torch.float64)
TEST - EP: 91 iou: 0.33489999670610776 Accuracy: 0.8582192142857142 Loss CE 0.5266538028206144 Dice Coeff tensor([9.0989e-01, 6.7090e-01, 2.9321e-04, 0.0000e+00], dtype=torch.float64) F1 Score tensor(nan, dtype=torch.float64) Precision tensor([0.9322, 0.6165, 0.0072, 0.0000], dtype=torch.float64) Recall tensor([8.8863e-01, 7.3586e-01, 1.4966e-04, 0.0000e+00], dtype=torch.float64)
EPOCH 92
TRAIN - EP: 92 iou: 0.5509935796873784 Accuracy: 0.9638873947241156 Loss CE 0.08452736748229638 Dice Coeff tensor([0.9779, 0.9200, 0.5666, 0.0000], dtype=torch.float64) F1 Score tensor(nan, dtype=torch.float64) Precision tensor([0.9766, 0.9220, 0.7497, 0.0000], dtype=torch.float64) Recall tensor([0.9793, 0.9180, 0.4554, 0.0000], dtype=torch.float64)
TEST - EP: 92 iou: 0.3443619751610025 Accuracy: 0.8715147142857143 Loss CE 0.5022545818771634 Dice Coeff tensor([9.1921e-01, 6.8995e-01, 5.8608e-04, 0.0000e+00], dtype=torch.float64) F1 Score tensor(nan, dtype=torch.float64) Precision tensor([0.9316, 0.6558, 0.0140, 0.0000], dtype=torch.float64) Recall tensor([9.0713e-01, 7.2787e-01, 2.9931e-04, 0.0000e+00], dtype=torch.float64)
EPOCH 93
TRAIN - EP: 93 iou: 0.554965668158134 Accuracy: 0.9647698415957223 Loss CE 0.08235831450497497 Dice Coeff tensor([0.9785, 0.9220, 0.5782, 0.0000], dtype=torch.float64) F1 Score tensor(nan, dtype=torch.float64) Precision tensor([0.9772, 0.9238, 0.7526, 0.0000], dtype=torch.float64) Recall tensor([0.9798, 0.9202, 0.4695, 0.0000], dtype=torch.float64)
TEST - EP: 93 iou: 0.34318612093207845 Accuracy: 0.8732612142857142 Loss CE 0.5072245917149952 Dice Coeff tensor([9.2102e-01, 6.8309e-01, 8.6730e-04, 0.0000e+00], dtype=torch.float64) F1 Score tensor(nan, dtype=torch.float64) Precision tensor([0.9248, 0.6713, 0.0127, 0.0000], dtype=torch.float64) Recall tensor([9.1727e-01, 6.9527e-01, 4.4897e-04, 0.0000e+00], dtype=torch.float64)
EPOCH 94
TRAIN - EP: 94 iou: 0.5541140311965939 Accuracy: 0.9647340956995428 Loss CE 0.08247961129522377 Dice Coeff tensor([0.9785, 0.9219, 0.5750, 0.0000], dtype=torch.float64) F1 Score tensor(nan, dtype=torch.float64) Precision tensor([0.9772, 0.9238, 0.7517, 0.0000], dtype=torch.float64) Recall tensor([0.9798, 0.9201, 0.4655, 0.0000], dtype=torch.float64)
TEST - EP: 94 iou: 0.33330057293621324 Accuracy: 0.8566426428571429 Loss CE 0.5501162090471813 Dice Coeff tensor([9.0895e-01, 6.6637e-01, 8.5948e-04, 0.0000e+00], dtype=torch.float64) F1 Score tensor(nan, dtype=torch.float64) Precision tensor([0.9305, 0.6137, 0.0100, 0.0000], dtype=torch.float64) Recall tensor([8.8835e-01, 7.2897e-01, 4.4897e-04, 0.0000e+00], dtype=torch.float64)
EPOCH 95
TRAIN - EP: 95 iou: 0.5581529503916893 Accuracy: 0.96606377688356 Loss CE 0.07908880803940566 Dice Coeff tensor([0.9793, 0.9249, 0.5844, 0.0000], dtype=torch.float64) F1 Score tensor(nan, dtype=torch.float64) Precision tensor([0.9781, 0.9264, 0.7518, 0.0000], dtype=torch.float64) Recall tensor([0.9805, 0.9234, 0.4780, 0.0000], dtype=torch.float64)
TEST - EP: 95 iou: 0.3425476148555859 Accuracy: 0.8695146428571429 Loss CE 0.5366490653582981 Dice Coeff tensor([9.1791e-01, 6.8562e-01, 5.8565e-04, 0.0000e+00], dtype=torch.float64) F1 Score tensor(nan, dtype=torch.float64) Precision tensor([0.9307, 0.6508, 0.0135, 0.0000], dtype=torch.float64) Recall tensor([9.0550e-01, 7.2437e-01, 2.9931e-04, 0.0000e+00], dtype=torch.float64)
EPOCH 96
TRAIN - EP: 96 iou: 0.5594880706409223 Accuracy: 0.9661799111257106 Loss CE 0.07881533131498984 Dice Coeff tensor([0.9794, 0.9250, 0.5894, 0.0000], dtype=torch.float64) F1 Score tensor(nan, dtype=torch.float64) Precision tensor([0.9782, 0.9267, 0.7587, 0.0000], dtype=torch.float64) Recall tensor([0.9806, 0.9234, 0.4819, 0.0000], dtype=torch.float64)
TEST - EP: 96 iou: 0.344799030788998 Accuracy: 0.8715259285714285 Loss CE 0.5329404771327972 Dice Coeff tensor([9.1911e-01, 6.9147e-01, 8.7873e-04, 0.0000e+00], dtype=torch.float64) F1 Score tensor(nan, dtype=torch.float64) Precision tensor([0.9327, 0.6544, 0.0205, 0.0000], dtype=torch.float64) Recall tensor([9.0590e-01, 7.3295e-01, 4.4897e-04, 0.0000e+00], dtype=torch.float64)
EPOCH 97
TRAIN - EP: 97 iou: 0.560874914301526 Accuracy: 0.9663373345012911 Loss CE 0.0786513734542808 Dice Coeff tensor([0.9795, 0.9255, 0.5939, 0.0000], dtype=torch.float64) F1 Score tensor(nan, dtype=torch.float64) Precision tensor([0.9783, 0.9271, 0.7622, 0.0000], dtype=torch.float64) Recall tensor([0.9806, 0.9240, 0.4865, 0.0000], dtype=torch.float64)
TEST - EP: 97 iou: 0.3440644875015202 Accuracy: 0.8716323571428571 Loss CE 0.5065660966294152 Dice Coeff tensor([0.9195, 0.6876, 0.0029, 0.0000], dtype=torch.float64) F1 Score tensor(nan, dtype=torch.float64) Precision tensor([0.9297, 0.6587, 0.0382, 0.0000], dtype=torch.float64) Recall tensor([0.9094, 0.7191, 0.0015, 0.0000], dtype=torch.float64)
EPOCH 98
TRAIN - EP: 98 iou: 0.5592417121603807 Accuracy: 0.9661624944111394 Loss CE 0.07882399043427603 Dice Coeff tensor([0.9794, 0.9250, 0.5885, 0.0000], dtype=torch.float64) F1 Score tensor(nan, dtype=torch.float64) Precision tensor([0.9782, 0.9266, 0.7556, 0.0000], dtype=torch.float64) Recall tensor([0.9805, 0.9235, 0.4819, 0.0000], dtype=torch.float64)
TEST - EP: 98 iou: 0.3432051597022267 Accuracy: 0.8710876428571429 Loss CE 0.5254596556935992 Dice Coeff tensor([0.9193, 0.6839, 0.0052, 0.0000], dtype=torch.float64) F1 Score tensor(nan, dtype=torch.float64) Precision tensor([0.9276, 0.6600, 0.0339, 0.0000], dtype=torch.float64) Recall tensor([0.9111, 0.7096, 0.0028, 0.0000], dtype=torch.float64)
EPOCH 99
TRAIN - EP: 99 iou: 0.5597759052267679 Accuracy: 0.9664570387707244 Loss CE 0.07815397265232985 Dice Coeff tensor([0.9796, 0.9257, 0.5890, 0.0000], dtype=torch.float64) F1 Score tensor(nan, dtype=torch.float64) Precision tensor([0.9784, 0.9272, 0.7552, 0.0000], dtype=torch.float64) Recall tensor([0.9807, 0.9243, 0.4828, 0.0000], dtype=torch.float64)
TEST - EP: 99 iou: 0.34508836253349573 Accuracy: 0.8728435 Loss CE 0.4968373051711491 Dice Coeff tensor([0.9202, 0.6913, 0.0000, 0.0000], dtype=torch.float64) F1 Score tensor(nan, dtype=torch.float64) Precision tensor([0.9310, 0.6608, 0.0000, 0.0000], dtype=torch.float64) Recall tensor([0.9095, 0.7247, 0.0000, 0.0000], dtype=torch.float64)
